{
  "Cucumber Features": {
    "coverage": {
      "/home/cosc480/CSclearinghouse/app/controllers/application_controller.rb": [
        1,
        1,
        null
      ],
      "/home/cosc480/CSclearinghouse/app/helpers/application_helper.rb": [
        1,
        null
      ],
      "/home/cosc480/CSclearinghouse/app/helpers/projects_helper.rb": [
        1,
        null
      ],
      "/home/cosc480/CSclearinghouse/app/controllers/projects_controller.rb": [
        1,
        null,
        1,
        1,
        null,
        null,
        1,
        0,
        0,
        null,
        null,
        1,
        null,
        null,
        1,
        0,
        0,
        0,
        null,
        null,
        1,
        0,
        0,
        0,
        0,
        null,
        null
      ],
      "/home/cosc480/CSclearinghouse/app/models/project.rb": [
        1,
        1,
        null
      ]
    },
    "timestamp": 1364526131
  },
  "RSpec": {
    "coverage": {
      "/home/cosc480/CSclearinghouse/app/controllers/application_controller.rb": [
        1,
        1,
        null
      ],
      "/home/cosc480/CSclearinghouse/app/helpers/application_helper.rb": [
        1,
        null
      ],
      "/home/cosc480/CSclearinghouse/app/helpers/projects_helper.rb": [
        1,
        null
      ],
      "/home/cosc480/CSclearinghouse/app/controllers/projects_controller.rb": [
        1,
        null,
        1,
        1,
        null,
        null,
        1,
        0,
        0,
        null,
        null,
        1,
        null,
        null,
        1,
        0,
        0,
        0,
        null,
        null,
        1,
        0,
        0,
        0,
        0,
        null,
        null
      ],
      "/home/cosc480/CSclearinghouse/app/models/project.rb": [
        1,
        1,
        null
      ]
    },
    "timestamp": 1364527182
  }
}
